
03/07/2020 06:12:06 PagSeguro.Session[info]: Begin
03/07/2020 06:12:06 PagSeguro.Session[info]: POST: https://ws.sandbox.pagseguro.uol.com.br/v2/sessions?email=bruno.lucio10%40live.com&token=EFAE0213F6304DE4B5056E0950FA2DD5
03/07/2020 06:12:07 PagSeguro.Session[info]: Session ID: 72c554145a954841b50db181c328fd06
02/08/2020 20:41:43 PagSeguro.Session[info]: Begin
02/08/2020 20:41:43 PagSeguro.Session[info]: POST: https://ws.sandbox.pagseguro.uol.com.br/v2/sessions?email=bruno.lucio10%40live.com&token=EFAE0213F6304DE4B5056E0950FA2DD5
02/08/2020 20:41:45 PagSeguro.Session[info]: Session ID: bbb9d5670e934fa5b207a473f949c2e5
02/08/2020 20:42:36 PagSeguro.Session[info]: Begin
02/08/2020 20:42:36 PagSeguro.Session[info]: POST: https://ws.sandbox.pagseguro.uol.com.br/v2/sessions?email=bruno.lucio10%40live.com&token=EFAE0213F6304DE4B5056E0950FA2DD5
02/08/2020 20:42:37 PagSeguro.Session[info]: Session ID: b4a58f28d1194a759fdf6dd26c01dcce
02/08/2020 20:43:02 PagSeguro.DirectPayment.CreditCard[info]: Begin
02/08/2020 20:43:02 PagSeguro.DirectPayment.CreditCard[info]: POST: https://ws.sandbox.pagseguro.uol.com.br/v2/transactions/?email=bruno.lucio10%40live.com&token=EFAE0213F6304DE4B5056E0950FA2DD5
02/08/2020 20:43:03 PagSeguro.Checkout[info]: Params: {"reference":"322","notificationURL":"http:\/\/localhost\/fragrancia\/psckttransparente\/notification","billingAddressStreet":"Rua Bla","billingAddressNumber":"1400","billingAddressComplement":"","billingAddressCity":"sp","billingAddressState":"SP","billingAddressDistrict":"cat","billingAddressPostalCode":"58410-340","billingAddressCountry":"BRA","currency":"BRL","creditCardHolderName":"Bruno Lucio","creditCardHolderBirthDate":"23\/12\/1995","creditCardHolderAreaCode":"11","creditCardHolderPhone":"99999999","creditCardHolderCPF":"46981323800","installmentQuantity":"1","installmentValue":"387.45","noInterestInstallmentQuantity":12,"itemId1":25,"itemDescription1":"Ferrari Scuderia Ferrari Red Edt 125ml","itemQuantity1":2,"itemAmount1":"179.10","paymentMethod":"creditCard","paymentMode":"DEFAULT","receiverEmail":"bruno.lucio10@live.com","senderName":"Bonierky Lacerda","senderEmail":"c58581654920020230420@sandbox.pagseguro.com.br","senderAreaCode":"11","senderPhone":"(**) 9999-****","senderCPF":"469.***.***-**","senderIp":"127.0.0.1","senderHash":"cba9021ef26f6e9351f409d01001f56acb6c9bc408cdbd3566c6385dc3da64df","shippingType":3,"shippingCost":"29.25","shippingAddressStreet":"Rua Bla","shippingAddressNumber":"1400","shippingAddressComplement":"","shippingAddressCity":"sp","shippingAddressState":"SP","shippingAddressDistrict":"cat","shippingAddressPostalCode":"58410-340","shippingAddressCountry":"BRA","creditCardToken":"6e7fbe010669428a93864739d9d58b94"}
02/08/2020 20:43:06 PagSeguro.DirectPayment.CreditCard[info]: Credit Card Payment Code: 16860C84-D39E-4C3D-9FA1-153706F9D4CB
02/08/2020 22:57:58 PagSeguro.Session[info]: Begin
02/08/2020 22:57:58 PagSeguro.Session[info]: POST: https://ws.sandbox.pagseguro.uol.com.br/v2/sessions?email=bruno.lucio10%40live.com&token=EFAE0213F6304DE4B5056E0950FA2DD5
02/08/2020 22:57:59 PagSeguro.Session[info]: Session ID: 2c579b56583f4ae5bbba7685b6d1f22c
03/08/2020 02:29:39 PagSeguro.Session[info]: Begin
03/08/2020 02:29:39 PagSeguro.Session[info]: POST: https://ws.sandbox.pagseguro.uol.com.br/v2/sessions?email=bruno.lucio10%40live.com&token=EFAE0213F6304DE4B5056E0950FA2DD5
03/08/2020 02:29:40 PagSeguro.Session[info]: Session ID: 30a134d0b64e494b986ea01db5e89c4f
03/08/2020 02:34:12 PagSeguro.Session[info]: Begin
03/08/2020 02:34:12 PagSeguro.Session[info]: POST: https://ws.sandbox.pagseguro.uol.com.br/v2/sessions?email=bruno.lucio10%40live.com&token=EFAE0213F6304DE4B5056E0950FA2DD5
03/08/2020 02:34:13 PagSeguro.Session[info]: Session ID: 6edbd0f4f3ab4e1e95d439206d55aca3
03/08/2020 02:36:27 PagSeguro.DirectPayment.CreditCard[info]: Begin
03/08/2020 02:36:27 PagSeguro.DirectPayment.CreditCard[info]: POST: https://ws.sandbox.pagseguro.uol.com.br/v2/transactions/?email=bruno.lucio10%40live.com&token=EFAE0213F6304DE4B5056E0950FA2DD5
03/08/2020 02:36:27 PagSeguro.Checkout[info]: Params: {"reference":"323","notificationURL":"http:\/\/localhost\/fragrancia\/psckttransparente\/notification","billingAddressStreet":"Rua Vig\u00e1rio Calixto","billingAddressNumber":"1400","billingAddressComplement":"","billingAddressCity":"Campina Grande","billingAddressState":"PB","billingAddressDistrict":"Catol\u00e9","billingAddressPostalCode":"58410-340","billingAddressCountry":"BRA","currency":"BRL","creditCardHolderName":"Bruno Lucio","creditCardHolderBirthDate":"23\/12\/1995","creditCardHolderAreaCode":"11","creditCardHolderPhone":"99999999","creditCardHolderCPF":"46981323800","installmentQuantity":"1","installmentValue":"175.09","noInterestInstallmentQuantity":12,"itemId1":32,"itemDescription1":"teste","itemQuantity1":1,"itemAmount1":"150.00","paymentMethod":"creditCard","paymentMode":"DEFAULT","receiverEmail":"bruno.lucio10@live.com","senderName":"Bonierky Lacerda","senderEmail":"c58581654920020230420@sandbox.pagseguro.com.br","senderAreaCode":"11","senderPhone":"(**) 9999-****","senderCPF":"469.***.***-**","senderIp":"127.0.0.1","senderHash":"7a1944de0f02aacdc2464f8a6043f04d069fa9e4674e9c41407e77fa0f598949","shippingType":3,"shippingCost":"25.09","shippingAddressStreet":"Rua Vig\u00e1rio Calixto","shippingAddressNumber":"1400","shippingAddressComplement":"","shippingAddressCity":"Campina Grande","shippingAddressState":"PB","shippingAddressDistrict":"Catol\u00e9","shippingAddressPostalCode":"58410-340","shippingAddressCountry":"BRA","creditCardToken":"a44f004cb3c24383b8969fb43e6d3e1a"}
03/08/2020 02:36:30 PagSeguro.DirectPayment.CreditCard[info]: Credit Card Payment Code: 8BA1A88A-AF58-451D-BDE6-66F5AA7F4D7A
03/08/2020 20:00:21 PagSeguro.Session[info]: Begin
03/08/2020 20:00:22 PagSeguro.Session[info]: POST: https://ws.sandbox.pagseguro.uol.com.br/v2/sessions?email=bruno.lucio10%40live.com&token=EFAE0213F6304DE4B5056E0950FA2DD5
03/08/2020 20:00:23 PagSeguro.Session[info]: Session ID: 57a564da39d64db8a6cccaed31cdd842
03/08/2020 20:00:51 PagSeguro.Session[info]: Begin
03/08/2020 20:00:51 PagSeguro.Session[info]: POST: https://ws.sandbox.pagseguro.uol.com.br/v2/sessions?email=bruno.lucio10%40live.com&token=EFAE0213F6304DE4B5056E0950FA2DD5
03/08/2020 20:00:51 PagSeguro.Session[info]: Session ID: 5d951dab1dd34c41a7f8adf2fa58daf8
03/08/2020 20:02:00 PagSeguro.Session[info]: Begin
03/08/2020 20:02:00 PagSeguro.Session[info]: POST: https://ws.sandbox.pagseguro.uol.com.br/v2/sessions?email=bruno.lucio10%40live.com&token=EFAE0213F6304DE4B5056E0950FA2DD5
03/08/2020 20:02:01 PagSeguro.Session[info]: Session ID: 1d8132eaeb6443859ab70c5f541866b1
03/08/2020 20:03:01 PagSeguro.Session[info]: Begin
03/08/2020 20:03:01 PagSeguro.Session[info]: POST: https://ws.sandbox.pagseguro.uol.com.br/v2/sessions?email=bruno.lucio10%40live.com&token=EFAE0213F6304DE4B5056E0950FA2DD5
03/08/2020 20:03:02 PagSeguro.Session[info]: Session ID: 3d59a1baadba446b8dd5b06cadf347d4
07/08/2020 18:49:08 PagSeguro.Session[info]: Begin
07/08/2020 18:49:08 PagSeguro.Session[info]: POST: https://ws.pagseguro.uol.com.br/v2/sessions?email=biadigy%40hotmail.com&token=82135cd5-ac93-4740-b17c-bf7d08b379732c4bc69643b3b76bcba25062b90e68f93eb0-9f27-4134-97a2-bc83bf97ac3a
07/08/2020 18:49:09 PagSeguro.Session[info]: Session ID: 2c9fe93374574cef890ad628125013cf
15/09/2020 23:52:45 PagSeguro.Session[info]: Begin
15/09/2020 23:52:45 PagSeguro.Session[info]: POST: https://ws.pagseguro.uol.com.br/v2/sessions?email=biadigy%40hotmail.com&token=82135cd5-ac93-4740-b17c-bf7d08b379732c4bc69643b3b76bcba25062b90e68f93eb0-9f27-4134-97a2-bc83bf97ac3a
15/09/2020 23:52:46 PagSeguro.Session[info]: Session ID: 2e49e5f0b99a40d1b0606a0189621798
15/09/2020 23:56:58 PagSeguro.DirectPayment.CreditCard[info]: Begin
15/09/2020 23:56:58 PagSeguro.DirectPayment.CreditCard[info]: POST: https://ws.pagseguro.uol.com.br/v2/transactions/?email=biadigy%40hotmail.com&token=82135cd5-ac93-4740-b17c-bf7d08b379732c4bc69643b3b76bcba25062b90e68f93eb0-9f27-4134-97a2-bc83bf97ac3a
15/09/2020 23:56:58 PagSeguro.Checkout[info]: Params: {"reference":"1","notificationURL":"https:\/\/fragranciaewine.com.br\/psckttransparente\/notification","billingAddressStreet":"Travessa Expedicion\u00e1rio M\u00e1rio Novelli","billingAddressNumber":"55","billingAddressComplement":"","billingAddressCity":"Santo Andr\u00e9","billingAddressState":"SP","billingAddressDistrict":"Vila Pires","billingAddressPostalCode":"09195-730","billingAddressCountry":"BRA","currency":"BRL","creditCardHolderName":"Murilo falconi","creditCardHolderBirthDate":"19\/03\/1996","creditCardHolderAreaCode":"11","creditCardHolderPhone":"976077665","creditCardHolderCPF":"45182151845","installmentQuantity":"2","installmentValue":"69.70","noInterestInstallmentQuantity":12,"itemId1":306,"itemDescription1":"Arsenal Gold","itemQuantity1":1,"itemAmount1":"115.00","paymentMethod":"creditCard","paymentMode":"DEFAULT","receiverEmail":"biadigy@hotmail.com","senderName":"Murilo Falconi","senderEmail":"murilofalconi_@hotmail.com","senderAreaCode":"11","senderPhone":"(**) 97607-****","senderCPF":"451.***.***-**","senderIp":"179.212.22.117","senderHash":"5fcce78bc39b8fdf427cd4abacba75358a56005870a7d03f19194ca3daa51d7c","shippingType":3,"shippingCost":"24.39","shippingAddressStreet":"Travessa Expedicion\u00e1rio M\u00e1rio Novelli","shippingAddressNumber":"55","shippingAddressComplement":"","shippingAddressCity":"Santo Andr\u00e9","shippingAddressState":"SP","shippingAddressDistrict":"Vila Pires","shippingAddressPostalCode":"09195-730","shippingAddressCountry":"BRA","creditCardToken":"fd5fdecbfbe748a3905495bcde246aa8"}
15/09/2020 23:57:00 PagSeguro.DirectPayment.CreditCard[info]: Credit Card Payment Code: 60BDF207-3071-4585-9F5C-6B0BC836540F
15/09/2020 23:57:04 PagSeguro.Transactions.Notification[info]: Begin
15/09/2020 23:57:04 PagSeguro.Transactions.Notification[info]: GET: https://ws.pagseguro.uol.com.br/v3/transactions/notifications/167059-4F59205920C9-CDD4EA3F8553-A90945?email=biadigy%40hotmail.com&token=82135cd5-ac93-4740-b17c-bf7d08b379732c4bc69643b3b76bcba25062b90e68f93eb0-9f27-4134-97a2-bc83bf97ac3a
15/09/2020 23:57:05 PagSeguro.Transactions.Notification[info]: Date: 2020-09-15T23:56:59.000-03:00, Code: 60BDF207-3071-4585-9F5C-6B0BC836540F
28/09/2020 23:05:31 PagSeguro.Session[info]: Begin
28/09/2020 23:05:31 PagSeguro.Session[info]: POST: https://ws.pagseguro.uol.com.br/v2/sessions?email=biadigy%40hotmail.com&token=82135cd5-ac93-4740-b17c-bf7d08b379732c4bc69643b3b76bcba25062b90e68f93eb0-9f27-4134-97a2-bc83bf97ac3a
28/09/2020 23:05:32 PagSeguro.Session[info]: Session ID: 82f559de7446429b9f892107bfa7c480
29/09/2020 02:03:18 PagSeguro.Transactions.Notification[info]: Begin
29/09/2020 02:03:18 PagSeguro.Transactions.Notification[info]: GET: https://ws.pagseguro.uol.com.br/v3/transactions/notifications/544D8A-F4E570E570B5-1994927FB537-74D6C5?email=biadigy%40hotmail.com&token=82135cd5-ac93-4740-b17c-bf7d08b379732c4bc69643b3b76bcba25062b90e68f93eb0-9f27-4134-97a2-bc83bf97ac3a
29/09/2020 02:03:18 PagSeguro.Transactions.Notification[info]: Date: 2020-09-15T23:56:59.000-03:00, Code: 60BDF207-3071-4585-9F5C-6B0BC836540F
20/10/2020 13:34:21 PagSeguro.Session[info]: Begin
20/10/2020 13:34:21 PagSeguro.Session[info]: POST: https://ws.pagseguro.uol.com.br/v2/sessions?email=biadigy%40hotmail.com&token=82135cd5-ac93-4740-b17c-bf7d08b379732c4bc69643b3b76bcba25062b90e68f93eb0-9f27-4134-97a2-bc83bf97ac3a
20/10/2020 13:34:22 PagSeguro.Session[info]: Session ID: 01e16e1e75b04313b640e227cc36e216
27/11/2020 08:35:07 PagSeguro.Session[info]: Begin
27/11/2020 08:35:07 PagSeguro.Session[info]: POST: https://ws.pagseguro.uol.com.br/v2/sessions?email=biadigy%40hotmail.com&token=82135cd5-ac93-4740-b17c-bf7d08b379732c4bc69643b3b76bcba25062b90e68f93eb0-9f27-4134-97a2-bc83bf97ac3a
27/11/2020 08:35:08 PagSeguro.Session[info]: Session ID: 4c57540fb7f24d6d9d6980c86dd81572
21/12/2020 17:51:33 PagSeguro.Session[info]: Begin
21/12/2020 17:51:33 PagSeguro.Session[info]: POST: https://ws.pagseguro.uol.com.br/v2/sessions?email=biadigy%40hotmail.com&token=82135cd5-ac93-4740-b17c-bf7d08b379732c4bc69643b3b76bcba25062b90e68f93eb0-9f27-4134-97a2-bc83bf97ac3a
21/12/2020 17:51:33 PagSeguro.Session[info]: Session ID: 1679ab5e68064f59b9cab94f30d0fbc5
21/12/2020 17:59:53 PagSeguro.Session[info]: Begin
21/12/2020 17:59:53 PagSeguro.Session[info]: POST: https://ws.pagseguro.uol.com.br/v2/sessions?email=biadigy%40hotmail.com&token=82135cd5-ac93-4740-b17c-bf7d08b379732c4bc69643b3b76bcba25062b90e68f93eb0-9f27-4134-97a2-bc83bf97ac3a
21/12/2020 17:59:54 PagSeguro.Session[info]: Session ID: 06c9fda9095549f28cab22ca0faa020d
21/12/2020 18:02:12 PagSeguro.Session[info]: Begin
21/12/2020 18:02:12 PagSeguro.Session[info]: POST: https://ws.pagseguro.uol.com.br/v2/sessions?email=biadigy%40hotmail.com&token=82135cd5-ac93-4740-b17c-bf7d08b379732c4bc69643b3b76bcba25062b90e68f93eb0-9f27-4134-97a2-bc83bf97ac3a
21/12/2020 18:02:13 PagSeguro.Session[info]: Session ID: 9d8d16a6e0d94bfc9c548c8b87857881
21/12/2020 18:03:50 PagSeguro.Session[info]: Begin
21/12/2020 18:03:50 PagSeguro.Session[info]: POST: https://ws.pagseguro.uol.com.br/v2/sessions?email=biadigy%40hotmail.com&token=82135cd5-ac93-4740-b17c-bf7d08b379732c4bc69643b3b76bcba25062b90e68f93eb0-9f27-4134-97a2-bc83bf97ac3a
21/12/2020 18:03:51 PagSeguro.Session[info]: Session ID: 57493d2da5424127a0e81ee09344ace8
21/12/2020 18:20:23 PagSeguro.Session[info]: Begin
21/12/2020 18:20:23 PagSeguro.Session[info]: POST: https://ws.pagseguro.uol.com.br/v2/sessions?email=biadigy%40hotmail.com&token=82135cd5-ac93-4740-b17c-bf7d08b379732c4bc69643b3b76bcba25062b90e68f93eb0-9f27-4134-97a2-bc83bf97ac3a
21/12/2020 18:20:24 PagSeguro.Session[info]: Session ID: a3393d7fbd1f4622a03b4c3695918337
21/12/2020 18:22:13 PagSeguro.Session[info]: Begin
21/12/2020 18:22:13 PagSeguro.Session[info]: POST: https://ws.pagseguro.uol.com.br/v2/sessions?email=biadigy%40hotmail.com&token=82135cd5-ac93-4740-b17c-bf7d08b379732c4bc69643b3b76bcba25062b90e68f93eb0-9f27-4134-97a2-bc83bf97ac3a
21/12/2020 18:22:14 PagSeguro.Session[info]: Session ID: 5f8f0a5a0f0046119d39dd53bfb9bc43
21/12/2020 18:27:51 PagSeguro.Session[info]: Begin
21/12/2020 18:27:51 PagSeguro.Session[info]: POST: https://ws.pagseguro.uol.com.br/v2/sessions?email=biadigy%40hotmail.com&token=82135cd5-ac93-4740-b17c-bf7d08b379732c4bc69643b3b76bcba25062b90e68f93eb0-9f27-4134-97a2-bc83bf97ac3a
21/12/2020 18:27:52 PagSeguro.Session[info]: Session ID: 492b9d3906c24831a7a6a49b8babe539
21/12/2020 18:29:12 PagSeguro.Session[info]: Begin
21/12/2020 18:29:12 PagSeguro.Session[info]: POST: https://ws.pagseguro.uol.com.br/v2/sessions?email=biadigy%40hotmail.com&token=82135cd5-ac93-4740-b17c-bf7d08b379732c4bc69643b3b76bcba25062b90e68f93eb0-9f27-4134-97a2-bc83bf97ac3a
21/12/2020 18:29:12 PagSeguro.Session[info]: Session ID: 059db57d30504c93aab96515cfb2d8ad
21/12/2020 18:29:27 PagSeguro.Session[info]: Begin
21/12/2020 18:29:27 PagSeguro.Session[info]: POST: https://ws.pagseguro.uol.com.br/v2/sessions?email=biadigy%40hotmail.com&token=82135cd5-ac93-4740-b17c-bf7d08b379732c4bc69643b3b76bcba25062b90e68f93eb0-9f27-4134-97a2-bc83bf97ac3a
21/12/2020 18:29:28 PagSeguro.Session[info]: Session ID: 118b23901d2c44ffb8e511f2ec60c01e
21/12/2020 18:29:33 PagSeguro.Session[info]: Begin
21/12/2020 18:29:33 PagSeguro.Session[info]: POST: https://ws.pagseguro.uol.com.br/v2/sessions?email=biadigy%40hotmail.com&token=82135cd5-ac93-4740-b17c-bf7d08b379732c4bc69643b3b76bcba25062b90e68f93eb0-9f27-4134-97a2-bc83bf97ac3a
21/12/2020 18:29:33 PagSeguro.Session[info]: Session ID: 956fd6aa929a45ab95d8feb0e10e3ded
21/12/2020 18:40:20 PagSeguro.Session[info]: Begin
21/12/2020 18:40:20 PagSeguro.Session[info]: POST: https://ws.pagseguro.uol.com.br/v2/sessions?email=biadigy%40hotmail.com&token=82135cd5-ac93-4740-b17c-bf7d08b379732c4bc69643b3b76bcba25062b90e68f93eb0-9f27-4134-97a2-bc83bf97ac3a
21/12/2020 18:40:21 PagSeguro.Session[info]: Session ID: b2e73bfd973349fc998c74de9da1ed2a
21/12/2020 18:40:30 PagSeguro.Session[info]: Begin
21/12/2020 18:40:30 PagSeguro.Session[info]: POST: https://ws.pagseguro.uol.com.br/v2/sessions?email=biadigy%40hotmail.com&token=82135cd5-ac93-4740-b17c-bf7d08b379732c4bc69643b3b76bcba25062b90e68f93eb0-9f27-4134-97a2-bc83bf97ac3a
21/12/2020 18:40:31 PagSeguro.Session[info]: Session ID: d973a756f50c4aa597030db2dbf6080a
21/12/2020 18:43:16 PagSeguro.DirectPayment.CreditCard[info]: Begin
21/12/2020 18:43:16 PagSeguro.DirectPayment.CreditCard[info]: POST: https://ws.pagseguro.uol.com.br/v2/transactions/?email=biadigy%40hotmail.com&token=82135cd5-ac93-4740-b17c-bf7d08b379732c4bc69643b3b76bcba25062b90e68f93eb0-9f27-4134-97a2-bc83bf97ac3a
21/12/2020 18:43:16 PagSeguro.Checkout[info]: Params: {"reference":"2","notificationURL":"https:\/\/fragranciaewine.com.br\/psckttransparente\/notification","billingAddressStreet":"Rua Jos\u00e9 Tim\u00f3theo da Silva","billingAddressNumber":"3000","billingAddressComplement":"","billingAddressCity":"Osasco","billingAddressState":"SP","billingAddressDistrict":"S\u00e3o Pedro","billingAddressPostalCode":"06172-220","billingAddressCountry":"BRA","currency":"BRL","creditCardHolderName":"Julia p malvao ","creditCardHolderBirthDate":"02\/08\/1996","creditCardHolderAreaCode":"11","creditCardHolderPhone":"974022019","creditCardHolderCPF":"14359750730","installmentQuantity":"4","installmentValue":"104.97","noInterestInstallmentQuantity":12,"itemId1":289,"itemDescription1":"Yes I Am 75ml ","itemQuantity1":1,"itemAmount1":"390.00","paymentMethod":"creditCard","paymentMode":"DEFAULT","receiverEmail":"biadigy@hotmail.com","senderName":"Julia pelagaggi malvao","senderEmail":"juliapelagaggi@gmail.com","senderAreaCode":"11","senderPhone":"(**) 97402-****","senderCPF":"143.***.***-**","senderIp":"189.40.90.16","senderHash":"f808324e3ac10a1a99dc652939c292b8d484239dd3bbff9c016a5f9e5a1895e8","shippingType":3,"shippingCost":"29.89","shippingAddressStreet":"Rua Jos\u00e9 Tim\u00f3theo da Silva","shippingAddressNumber":"3000","shippingAddressComplement":"","shippingAddressCity":"Osasco","shippingAddressState":"SP","shippingAddressDistrict":"S\u00e3o Pedro","shippingAddressPostalCode":"06172-220","shippingAddressCountry":"BRA","creditCardToken":"0b671478b9204b19af8aee3346dff088"}
21/12/2020 18:43:23 PagSeguro.DirectPayment.CreditCard[info]: Credit Card Payment Code: FE13F5DF-7A70-4292-BF73-B9B47C2D3065
21/12/2020 18:43:28 PagSeguro.Transactions.Notification[info]: Begin
21/12/2020 18:43:28 PagSeguro.Transactions.Notification[info]: GET: https://ws.pagseguro.uol.com.br/v3/transactions/notifications/D73349-E8244E244E53-D884CB5F8F5F-04738A?email=biadigy%40hotmail.com&token=82135cd5-ac93-4740-b17c-bf7d08b379732c4bc69643b3b76bcba25062b90e68f93eb0-9f27-4134-97a2-bc83bf97ac3a
21/12/2020 18:43:29 PagSeguro.Transactions.Notification[info]: Date: 2020-12-21T18:43:22.000-03:00, Code: FE13F5DF-7A70-4292-BF73-B9B47C2D3065
21/12/2020 18:46:26 PagSeguro.Session[info]: Begin
21/12/2020 18:46:26 PagSeguro.Session[info]: POST: https://ws.pagseguro.uol.com.br/v2/sessions?email=biadigy%40hotmail.com&token=82135cd5-ac93-4740-b17c-bf7d08b379732c4bc69643b3b76bcba25062b90e68f93eb0-9f27-4134-97a2-bc83bf97ac3a
21/12/2020 18:46:27 PagSeguro.Session[info]: Session ID: 852b9fc7a7d94cc494c332b7257bec8a
21/12/2020 18:49:42 PagSeguro.Session[info]: Begin
21/12/2020 18:49:42 PagSeguro.Session[info]: POST: https://ws.pagseguro.uol.com.br/v2/sessions?email=biadigy%40hotmail.com&token=82135cd5-ac93-4740-b17c-bf7d08b379732c4bc69643b3b76bcba25062b90e68f93eb0-9f27-4134-97a2-bc83bf97ac3a
21/12/2020 18:49:43 PagSeguro.Session[info]: Session ID: afb5e0fc05cb470d9e9ac0b85d043405
21/12/2020 18:53:19 PagSeguro.Session[info]: Begin
21/12/2020 18:53:19 PagSeguro.Session[info]: POST: https://ws.pagseguro.uol.com.br/v2/sessions?email=biadigy%40hotmail.com&token=82135cd5-ac93-4740-b17c-bf7d08b379732c4bc69643b3b76bcba25062b90e68f93eb0-9f27-4134-97a2-bc83bf97ac3a
21/12/2020 18:53:20 PagSeguro.Session[info]: Session ID: 0ed99ddf129f44f0a5264ce3b6e50f54
16/03/2021 21:20:41 PagSeguro.Session[info]: Begin
16/03/2021 21:20:42 PagSeguro.Session[info]: POST: https://ws.pagseguro.uol.com.br/v2/sessions?email=biadigy%40hotmail.com&token=82135cd5-ac93-4740-b17c-bf7d08b379732c4bc69643b3b76bcba25062b90e68f93eb0-9f27-4134-97a2-bc83bf97ac3a
16/03/2021 21:20:42 PagSeguro.Session[info]: Session ID: 98d5b15fe877424ebc64f936af106a73
18/03/2021 22:36:41 PagSeguro.Session[info]: Begin
18/03/2021 22:36:42 PagSeguro.Session[info]: POST: https://ws.pagseguro.uol.com.br/v2/sessions?email=biadigy%40hotmail.com&token=82135cd5-ac93-4740-b17c-bf7d08b379732c4bc69643b3b76bcba25062b90e68f93eb0-9f27-4134-97a2-bc83bf97ac3a
18/03/2021 22:36:42 PagSeguro.Session[info]: Session ID: e2d5072f6ba3479983e34df0ce115cc5
18/03/2021 22:36:44 PagSeguro.Session[info]: Begin
18/03/2021 22:36:44 PagSeguro.Session[info]: POST: https://ws.pagseguro.uol.com.br/v2/sessions?email=biadigy%40hotmail.com&token=82135cd5-ac93-4740-b17c-bf7d08b379732c4bc69643b3b76bcba25062b90e68f93eb0-9f27-4134-97a2-bc83bf97ac3a
18/03/2021 22:36:45 PagSeguro.Session[info]: Session ID: 37d3b2ade4e74794afb05345307d8cc9
18/03/2021 22:39:23 PagSeguro.Session[info]: Begin
18/03/2021 22:39:23 PagSeguro.Session[info]: POST: https://ws.pagseguro.uol.com.br/v2/sessions?email=biadigy%40hotmail.com&token=82135cd5-ac93-4740-b17c-bf7d08b379732c4bc69643b3b76bcba25062b90e68f93eb0-9f27-4134-97a2-bc83bf97ac3a
18/03/2021 22:39:24 PagSeguro.Session[info]: Session ID: e4096556102846169c5113057d7fdc88
18/03/2021 22:44:55 PagSeguro.DirectPayment.CreditCard[info]: Begin
18/03/2021 22:44:55 PagSeguro.DirectPayment.CreditCard[info]: POST: https://ws.pagseguro.uol.com.br/v2/transactions/?email=biadigy%40hotmail.com&token=82135cd5-ac93-4740-b17c-bf7d08b379732c4bc69643b3b76bcba25062b90e68f93eb0-9f27-4134-97a2-bc83bf97ac3a
18/03/2021 22:44:55 PagSeguro.Checkout[info]: Params: {"reference":"3","notificationURL":"https:\/\/fragranciaewine.com.br\/psckttransparente\/notification","billingAddressStreet":"Ant\u00f4nio fichina ","billingAddressNumber":"160","billingAddressComplement":"Casa","billingAddressCity":"Monte Santo de Minas","billingAddressState":"MG","billingAddressDistrict":"Bela vista","billingAddressPostalCode":"37968-000","billingAddressCountry":"BRA","currency":"BRL","creditCardHolderName":"HELOISE C LOPES","creditCardHolderBirthDate":"10\/11\/1962","creditCardHolderAreaCode":"35","creditCardHolderPhone":"993329061","creditCardHolderCPF":"09074957617","installmentQuantity":"4","installmentValue":"131.80","noInterestInstallmentQuantity":12,"itemId1":106,"itemDescription1":"212 Vip Men 100ml","itemQuantity1":1,"itemAmount1":"460.00","paymentMethod":"creditCard","paymentMode":"DEFAULT","receiverEmail":"biadigy@hotmail.com","senderName":"Heloise","senderEmail":"heloisecatarinaxs1@outlook.com","senderAreaCode":"35","senderPhone":"(**) 99332-****","senderCPF":"090.***.***-**","senderIp":"177.191.72.60","senderHash":"311b09b77b5adb5e4ebdc5e9489679d116fc5f96c1231011cd481fe6cbb3346e","shippingType":3,"shippingCost":"67.19","shippingAddressStreet":"Ant\u00f4nio fichina ","shippingAddressNumber":"160","shippingAddressComplement":"Casa","shippingAddressCity":"Monte Santo de Minas","shippingAddressState":"MG","shippingAddressDistrict":"Bela vista","shippingAddressPostalCode":"37968-000","shippingAddressCountry":"BRA","creditCardToken":"389f3e023e434f94bfdab64849cc556e"}
18/03/2021 22:44:56 PagSeguro.DirectPayment.CreditCard[error]: <?xml version="1.0" encoding="ISO-8859-1" standalone="yes"?><errors><error><code>53015</code><message>sender name invalid value: Heloise</message></error></errors>
18/03/2021 22:45:19 PagSeguro.DirectPayment.CreditCard[info]: Begin
18/03/2021 22:45:19 PagSeguro.DirectPayment.CreditCard[info]: POST: https://ws.pagseguro.uol.com.br/v2/transactions/?email=biadigy%40hotmail.com&token=82135cd5-ac93-4740-b17c-bf7d08b379732c4bc69643b3b76bcba25062b90e68f93eb0-9f27-4134-97a2-bc83bf97ac3a
18/03/2021 22:45:19 PagSeguro.Checkout[info]: Params: {"reference":"4","notificationURL":"https:\/\/fragranciaewine.com.br\/psckttransparente\/notification","billingAddressStreet":"Ant\u00f4nio fichina ","billingAddressNumber":"160","billingAddressComplement":"Casa","billingAddressCity":"Monte Santo de Minas","billingAddressState":"MG","billingAddressDistrict":"Bela vista","billingAddressPostalCode":"37968-000","billingAddressCountry":"BRA","currency":"BRL","creditCardHolderName":"HELOISE C LOPES","creditCardHolderBirthDate":"10\/11\/1962","creditCardHolderAreaCode":"35","creditCardHolderPhone":"993329061","creditCardHolderCPF":"09074957617","installmentQuantity":"4","installmentValue":"131.80","noInterestInstallmentQuantity":12,"itemId1":106,"itemDescription1":"212 Vip Men 100ml","itemQuantity1":1,"itemAmount1":"460.00","paymentMethod":"creditCard","paymentMode":"DEFAULT","receiverEmail":"biadigy@hotmail.com","senderName":"Heloise catarina","senderEmail":"heloisecatarinaxs1@outlook.com","senderAreaCode":"35","senderPhone":"(**) 99332-****","senderCPF":"090.***.***-**","senderIp":"177.191.72.60","senderHash":"311b09b77b5adb5e4ebdc5e9489679d116fc5f96c1231011cd481fe6cbb3346e","shippingType":3,"shippingCost":"67.19","shippingAddressStreet":"Ant\u00f4nio fichina ","shippingAddressNumber":"160","shippingAddressComplement":"Casa","shippingAddressCity":"Monte Santo de Minas","shippingAddressState":"MG","shippingAddressDistrict":"Bela vista","shippingAddressPostalCode":"37968-000","shippingAddressCountry":"BRA","creditCardToken":"436d02f9ba6c4be39d5c2a94b024f20c"}
18/03/2021 22:45:22 PagSeguro.DirectPayment.CreditCard[info]: Credit Card Payment Code: C54D5E26-E18C-4891-830A-9825BCC05DF9
18/03/2021 22:45:24 PagSeguro.Transactions.Notification[info]: Begin
18/03/2021 22:45:24 PagSeguro.Transactions.Notification[info]: GET: https://ws.pagseguro.uol.com.br/v3/transactions/notifications/9AC1C9-33A902A90218-22245A4F8624-ACC340?email=biadigy%40hotmail.com&token=82135cd5-ac93-4740-b17c-bf7d08b379732c4bc69643b3b76bcba25062b90e68f93eb0-9f27-4134-97a2-bc83bf97ac3a
18/03/2021 22:45:25 PagSeguro.Transactions.Notification[info]: Date: 2021-03-18T22:45:20.000-03:00, Code: C54D5E26-E18C-4891-830A-9825BCC05DF9
18/03/2021 22:45:40 PagSeguro.Session[info]: Begin
18/03/2021 22:45:40 PagSeguro.Session[info]: POST: https://ws.pagseguro.uol.com.br/v2/sessions?email=biadigy%40hotmail.com&token=82135cd5-ac93-4740-b17c-bf7d08b379732c4bc69643b3b76bcba25062b90e68f93eb0-9f27-4134-97a2-bc83bf97ac3a
18/03/2021 22:45:41 PagSeguro.Session[info]: Session ID: b4ed032ce16343a29a48bc229ad2679a
18/03/2021 22:47:39 PagSeguro.DirectPayment.CreditCard[info]: Begin
18/03/2021 22:47:39 PagSeguro.DirectPayment.CreditCard[info]: POST: https://ws.pagseguro.uol.com.br/v2/transactions/?email=biadigy%40hotmail.com&token=82135cd5-ac93-4740-b17c-bf7d08b379732c4bc69643b3b76bcba25062b90e68f93eb0-9f27-4134-97a2-bc83bf97ac3a
18/03/2021 22:47:39 PagSeguro.Checkout[info]: Params: {"reference":"5","notificationURL":"https:\/\/fragranciaewine.com.br\/psckttransparente\/notification","billingAddressStreet":"Ant\u00f4nio fichina ","billingAddressNumber":"160","billingAddressComplement":"Casa","billingAddressCity":"Monte Santo de Minas","billingAddressState":"MG","billingAddressDistrict":"Bela vista","billingAddressPostalCode":"37968-000","billingAddressCountry":"BRA","currency":"BRL","creditCardHolderName":"HELOISE C LOPES","creditCardHolderBirthDate":"10\/11\/1962","creditCardHolderAreaCode":"35","creditCardHolderPhone":"993329061","creditCardHolderCPF":"09074957617","installmentQuantity":"4","installmentValue":"16.80","noInterestInstallmentQuantity":12,"paymentMethod":"creditCard","paymentMode":"DEFAULT","receiverEmail":"biadigy@hotmail.com","senderName":"Heloise catarina","senderEmail":"heloisecatarinaxs1@outlook.com","senderAreaCode":"35","senderPhone":"(**) 99332-****","senderCPF":"090.***.***-**","senderIp":"177.191.72.60","senderHash":"70f5da504178b0628d0501be1e7543c4d3c1f69fb2f94ba3d212eea8f32f3d46","shippingType":3,"shippingCost":"67.19","shippingAddressStreet":"Ant\u00f4nio fichina ","shippingAddressNumber":"160","shippingAddressComplement":"Casa","shippingAddressCity":"Monte Santo de Minas","shippingAddressState":"MG","shippingAddressDistrict":"Bela vista","shippingAddressPostalCode":"37968-000","shippingAddressCountry":"BRA","creditCardToken":"e67fca8ece214ec882954ca7a76c8271"}
18/03/2021 22:47:40 PagSeguro.DirectPayment.CreditCard[error]: <?xml version="1.0" encoding="ISO-8859-1" standalone="yes"?><errors><error><code>53004</code><message>items invalid quantity.</message></error></errors>
18/03/2021 22:48:19 PagSeguro.DirectPayment.CreditCard[info]: Begin
18/03/2021 22:48:19 PagSeguro.DirectPayment.CreditCard[info]: POST: https://ws.pagseguro.uol.com.br/v2/transactions/?email=biadigy%40hotmail.com&token=82135cd5-ac93-4740-b17c-bf7d08b379732c4bc69643b3b76bcba25062b90e68f93eb0-9f27-4134-97a2-bc83bf97ac3a
18/03/2021 22:48:19 PagSeguro.Checkout[info]: Params: {"reference":"6","notificationURL":"https:\/\/fragranciaewine.com.br\/psckttransparente\/notification","billingAddressStreet":"Ant\u00f4nio fichina ","billingAddressNumber":"160","billingAddressComplement":"Casa","billingAddressCity":"Monte Santo de Minas","billingAddressState":"MG","billingAddressDistrict":"Bela vista","billingAddressPostalCode":"37968-000","billingAddressCountry":"BRA","currency":"BRL","creditCardHolderName":"HELOISE C LOPES","creditCardHolderBirthDate":"10\/11\/1962","creditCardHolderAreaCode":"35","creditCardHolderPhone":"993329061","creditCardHolderCPF":"09074957617","installmentQuantity":"4","installmentValue":"16.80","noInterestInstallmentQuantity":12,"paymentMethod":"creditCard","paymentMode":"DEFAULT","receiverEmail":"biadigy@hotmail.com","senderName":"Heloise catarina","senderEmail":"heloisecatarinaxs1@outlook.com","senderAreaCode":"35","senderPhone":"(**) 99332-****","senderCPF":"090.***.***-**","senderIp":"177.191.72.60","senderHash":"70f5da504178b0628d0501be1e7543c4d3c1f69fb2f94ba3d212eea8f32f3d46","shippingType":3,"shippingCost":"67.19","shippingAddressStreet":"Ant\u00f4nio fichina ","shippingAddressNumber":"160","shippingAddressComplement":"Casa","shippingAddressCity":"Monte Santo de Minas","shippingAddressState":"MG","shippingAddressDistrict":"Bela vista","shippingAddressPostalCode":"37968-000","shippingAddressCountry":"BRA","creditCardToken":"ce4de439c84949689ca2f2e6e563727e"}
18/03/2021 22:48:19 PagSeguro.DirectPayment.CreditCard[error]: <?xml version="1.0" encoding="ISO-8859-1" standalone="yes"?><errors><error><code>53004</code><message>items invalid quantity.</message></error></errors>
03/04/2021 15:39:41 PagSeguro.Session[info]: Begin
03/04/2021 15:39:41 PagSeguro.Session[info]: POST: https://ws.pagseguro.uol.com.br/v2/sessions?email=biadigy%40hotmail.com&token=82135cd5-ac93-4740-b17c-bf7d08b379732c4bc69643b3b76bcba25062b90e68f93eb0-9f27-4134-97a2-bc83bf97ac3a
03/04/2021 15:39:42 PagSeguro.Session[info]: Session ID: e803b90a1b99466eb1ce5e6f5e9d96cc
03/04/2021 15:41:55 PagSeguro.DirectPayment.CreditCard[info]: Begin
03/04/2021 15:41:55 PagSeguro.DirectPayment.CreditCard[info]: POST: https://ws.pagseguro.uol.com.br/v2/transactions/?email=biadigy%40hotmail.com&token=82135cd5-ac93-4740-b17c-bf7d08b379732c4bc69643b3b76bcba25062b90e68f93eb0-9f27-4134-97a2-bc83bf97ac3a
03/04/2021 15:41:55 PagSeguro.Checkout[info]: Params: {"reference":"7","notificationURL":"https:\/\/fragranciaewine.com.br\/psckttransparente\/notification","billingAddressStreet":"Rua Para\u00edso","billingAddressNumber":"124","billingAddressComplement":"Casa","billingAddressCity":"Carapicu\u00edba","billingAddressState":"SP","billingAddressDistrict":"Jardim Elzinha","billingAddressPostalCode":"06362-120","billingAddressCountry":"BRA","currency":"BRL","creditCardHolderName":"Danielle Holanda","creditCardHolderBirthDate":"05\/06\/1990","creditCardHolderAreaCode":"11","creditCardHolderPhone":"986057421","creditCardHolderCPF":"39190441850","installmentQuantity":"1","installmentValue":"328.08","noInterestInstallmentQuantity":12,"itemId1":182,"itemDescription1":"Amor Amor 100ml","itemQuantity1":1,"itemAmount1":"299.99","paymentMethod":"creditCard","paymentMode":"DEFAULT","receiverEmail":"biadigy@hotmail.com","senderName":"Danielle Holanda ","senderEmail":"daniellesilvaholanda.gmail.com","senderAreaCode":"11","senderPhone":"(**) 98605-****","senderCPF":"391.***.***-**","senderIp":"187.26.167.76","senderHash":"52fb8bf1f473deaa57850efe9503654ccadc94223040f297ea4a9de4f78a8334","shippingType":3,"shippingCost":"28.09","shippingAddressStreet":"Rua Para\u00edso","shippingAddressNumber":"124","shippingAddressComplement":"Casa","shippingAddressCity":"Carapicu\u00edba","shippingAddressState":"SP","shippingAddressDistrict":"Jardim Elzinha","shippingAddressPostalCode":"06362-120","shippingAddressCountry":"BRA","creditCardToken":"6965770aa7634164934034c57d42c6a7"}
03/04/2021 15:41:56 PagSeguro.DirectPayment.CreditCard[error]: <?xml version="1.0" encoding="ISO-8859-1" standalone="yes"?><errors><error><code>53012</code><message>sender email invalid value: daniellesilvaholanda.gmail.com</message></error></errors>
03/04/2021 15:42:15 PagSeguro.DirectPayment.CreditCard[info]: Begin
03/04/2021 15:42:15 PagSeguro.DirectPayment.CreditCard[info]: POST: https://ws.pagseguro.uol.com.br/v2/transactions/?email=biadigy%40hotmail.com&token=82135cd5-ac93-4740-b17c-bf7d08b379732c4bc69643b3b76bcba25062b90e68f93eb0-9f27-4134-97a2-bc83bf97ac3a
03/04/2021 15:42:15 PagSeguro.Checkout[info]: Params: {"reference":"8","notificationURL":"https:\/\/fragranciaewine.com.br\/psckttransparente\/notification","billingAddressStreet":"Rua Para\u00edso","billingAddressNumber":"124","billingAddressComplement":"Casa","billingAddressCity":"Carapicu\u00edba","billingAddressState":"SP","billingAddressDistrict":"Jardim Elzinha","billingAddressPostalCode":"06362-120","billingAddressCountry":"BRA","currency":"BRL","creditCardHolderName":"Danielle Holanda","creditCardHolderBirthDate":"05\/06\/1990","creditCardHolderAreaCode":"11","creditCardHolderPhone":"986057421","creditCardHolderCPF":"39190441850","installmentQuantity":"1","installmentValue":"328.08","noInterestInstallmentQuantity":12,"itemId1":182,"itemDescription1":"Amor Amor 100ml","itemQuantity1":1,"itemAmount1":"299.99","paymentMethod":"creditCard","paymentMode":"DEFAULT","receiverEmail":"biadigy@hotmail.com","senderName":"Danielle Holanda ","senderEmail":"daniellesilvaholanda@gmail.com","senderAreaCode":"11","senderPhone":"(**) 98605-****","senderCPF":"391.***.***-**","senderIp":"187.26.167.76","senderHash":"52fb8bf1f473deaa57850efe9503654ccadc94223040f297ea4a9de4f78a8334","shippingType":3,"shippingCost":"28.09","shippingAddressStreet":"Rua Para\u00edso","shippingAddressNumber":"124","shippingAddressComplement":"Casa","shippingAddressCity":"Carapicu\u00edba","shippingAddressState":"SP","shippingAddressDistrict":"Jardim Elzinha","shippingAddressPostalCode":"06362-120","shippingAddressCountry":"BRA","creditCardToken":"51df6f3cc85d4c8db04f2d6070a8bcf6"}
03/04/2021 15:42:18 PagSeguro.DirectPayment.CreditCard[info]: Credit Card Payment Code: 1F0DEDC4-860B-42FF-860C-260224A20B0F
03/04/2021 15:42:22 PagSeguro.Transactions.Notification[info]: Begin
03/04/2021 15:42:22 PagSeguro.Transactions.Notification[info]: GET: https://ws.pagseguro.uol.com.br/v3/transactions/notifications/0C6C55-B91A321A32AF-7CC46F7F8C66-EE500A?email=biadigy%40hotmail.com&token=82135cd5-ac93-4740-b17c-bf7d08b379732c4bc69643b3b76bcba25062b90e68f93eb0-9f27-4134-97a2-bc83bf97ac3a
03/04/2021 15:42:23 PagSeguro.Transactions.Notification[info]: Date: 2021-04-03T15:42:17.000-03:00, Code: 1F0DEDC4-860B-42FF-860C-260224A20B0F
03/04/2021 18:41:37 PagSeguro.Session[info]: Begin
03/04/2021 18:41:37 PagSeguro.Session[info]: POST: https://ws.pagseguro.uol.com.br/v2/sessions?email=biadigy%40hotmail.com&token=82135cd5-ac93-4740-b17c-bf7d08b379732c4bc69643b3b76bcba25062b90e68f93eb0-9f27-4134-97a2-bc83bf97ac3a
03/04/2021 18:41:38 PagSeguro.Session[info]: Session ID: f0731b9cf9df4af8951ab85eef18773c
03/04/2021 18:45:43 PagSeguro.DirectPayment.CreditCard[info]: Begin
03/04/2021 18:45:43 PagSeguro.DirectPayment.CreditCard[info]: POST: https://ws.pagseguro.uol.com.br/v2/transactions/?email=biadigy%40hotmail.com&token=82135cd5-ac93-4740-b17c-bf7d08b379732c4bc69643b3b76bcba25062b90e68f93eb0-9f27-4134-97a2-bc83bf97ac3a
03/04/2021 18:45:43 PagSeguro.Checkout[info]: Params: {"reference":"9","notificationURL":"https:\/\/fragranciaewine.com.br\/psckttransparente\/notification","billingAddressStreet":"av lago sul","billingAddressNumber":"S","billingAddressComplement":"Qd10 Lt08 ","billingAddressCity":"Urua\u00e7u","billingAddressState":"GO","billingAddressDistrict":"Setor lago sul 1","billingAddressPostalCode":"76400-000","billingAddressCountry":"BRA","currency":"BRL","creditCardHolderName":"Maycon S Santos","creditCardHolderBirthDate":"13\/07\/2002","creditCardHolderAreaCode":"11","creditCardHolderPhone":"937036414","creditCardHolderCPF":"08377877180","installmentQuantity":"2","installmentValue":"84.75","noInterestInstallmentQuantity":12,"itemId1":376,"itemDescription1":"Vinho EA Cartuxa","itemQuantity1":1,"itemAmount1":"95.00","paymentMethod":"creditCard","paymentMode":"DEFAULT","receiverEmail":"biadigy@hotmail.com","senderName":"Maycon santos","senderEmail":"mayconamz915.gmail.com","senderAreaCode":"11","senderPhone":"(**) 93703-****","senderCPF":"083.***.***-**","senderIp":"177.25.231.55","senderHash":"9f800318e796ea7d3372b5c00a4bb5f7f5d6543738ff519993a045f11e827f87","shippingType":3,"shippingCost":"74.49","shippingAddressStreet":"av lago sul","shippingAddressNumber":"S","shippingAddressComplement":"Qd10 Lt08 ","shippingAddressCity":"Urua\u00e7u","shippingAddressState":"GO","shippingAddressDistrict":"Setor lago sul 1","shippingAddressPostalCode":"76400-000","shippingAddressCountry":"BRA","creditCardToken":"3fdd79b985064c5a9bc7db82517a6486"}
03/04/2021 18:45:44 PagSeguro.DirectPayment.CreditCard[error]: <?xml version="1.0" encoding="ISO-8859-1" standalone="yes"?><errors><error><code>53012</code><message>sender email invalid value: mayconamz915.gmail.com</message></error></errors>
03/04/2021 18:46:24 PagSeguro.Session[info]: Begin
03/04/2021 18:46:24 PagSeguro.Session[info]: POST: https://ws.pagseguro.uol.com.br/v2/sessions?email=biadigy%40hotmail.com&token=82135cd5-ac93-4740-b17c-bf7d08b379732c4bc69643b3b76bcba25062b90e68f93eb0-9f27-4134-97a2-bc83bf97ac3a
03/04/2021 18:46:25 PagSeguro.Session[info]: Session ID: 83a17a6df3ad4e85b003b681e9ff35f6
03/04/2021 18:47:03 PagSeguro.DirectPayment.CreditCard[info]: Begin
03/04/2021 18:47:03 PagSeguro.DirectPayment.CreditCard[info]: POST: https://ws.pagseguro.uol.com.br/v2/transactions/?email=biadigy%40hotmail.com&token=82135cd5-ac93-4740-b17c-bf7d08b379732c4bc69643b3b76bcba25062b90e68f93eb0-9f27-4134-97a2-bc83bf97ac3a
03/04/2021 18:47:03 PagSeguro.Checkout[info]: Params: {"reference":"10","notificationURL":"https:\/\/fragranciaewine.com.br\/psckttransparente\/notification","billingAddressStreet":"av lago sul","billingAddressNumber":"S","billingAddressComplement":"Qd10 Lt08 ","billingAddressCity":"Urua\u00e7u","billingAddressState":"GO","billingAddressDistrict":"Setor lago sul 1","billingAddressPostalCode":"76400-000","billingAddressCountry":"BRA","currency":"BRL","creditCardHolderName":"Maycon S Santos","creditCardHolderBirthDate":"13\/07\/2002","creditCardHolderAreaCode":"11","creditCardHolderPhone":"937036414","creditCardHolderCPF":"08377877180","installmentQuantity":"1","installmentValue":"169.49","noInterestInstallmentQuantity":12,"itemId1":376,"itemDescription1":"Vinho EA Cartuxa","itemQuantity1":1,"itemAmount1":"95.00","paymentMethod":"creditCard","paymentMode":"DEFAULT","receiverEmail":"biadigy@hotmail.com","senderName":"Maycon santos","senderEmail":"mayconamz915@gmail.com","senderAreaCode":"11","senderPhone":"(**) 93703-****","senderCPF":"083.***.***-**","senderIp":"177.25.231.55","senderHash":"827c3e5cc36526a251d12d3d6462ba04c02299429d23851e9a5877d9132571db","shippingType":3,"shippingCost":"74.49","shippingAddressStreet":"av lago sul","shippingAddressNumber":"S","shippingAddressComplement":"Qd10 Lt08 ","shippingAddressCity":"Urua\u00e7u","shippingAddressState":"GO","shippingAddressDistrict":"Setor lago sul 1","shippingAddressPostalCode":"76400-000","shippingAddressCountry":"BRA","creditCardToken":"86654930eb0a4c7faaef29c164dc0908"}
03/04/2021 18:47:06 PagSeguro.DirectPayment.CreditCard[info]: Credit Card Payment Code: 310CC557-48CD-400E-B857-098D8EC45B7E
03/04/2021 18:47:08 PagSeguro.Transactions.Notification[info]: Begin
03/04/2021 18:47:08 PagSeguro.Transactions.Notification[info]: GET: https://ws.pagseguro.uol.com.br/v3/transactions/notifications/36ED00-756A636A63A2-E224707FADA8-D76017?email=biadigy%40hotmail.com&token=82135cd5-ac93-4740-b17c-bf7d08b379732c4bc69643b3b76bcba25062b90e68f93eb0-9f27-4134-97a2-bc83bf97ac3a
03/04/2021 18:47:09 PagSeguro.Transactions.Notification[info]: Date: 2021-04-03T18:47:04.000-03:00, Code: 310CC557-48CD-400E-B857-098D8EC45B7E
03/04/2021 18:47:13 PagSeguro.Session[info]: Begin
03/04/2021 18:47:13 PagSeguro.Session[info]: POST: https://ws.pagseguro.uol.com.br/v2/sessions?email=biadigy%40hotmail.com&token=82135cd5-ac93-4740-b17c-bf7d08b379732c4bc69643b3b76bcba25062b90e68f93eb0-9f27-4134-97a2-bc83bf97ac3a
03/04/2021 18:47:14 PagSeguro.Session[info]: Session ID: 85f5e9be73a94b72b1ae9896832cd4d0
06/04/2021 18:21:27 PagSeguro.Session[info]: Begin
06/04/2021 18:21:27 PagSeguro.Session[info]: POST: https://ws.pagseguro.uol.com.br/v2/sessions?email=biadigy%40hotmail.com&token=82135cd5-ac93-4740-b17c-bf7d08b379732c4bc69643b3b76bcba25062b90e68f93eb0-9f27-4134-97a2-bc83bf97ac3a
06/04/2021 18:21:28 PagSeguro.Session[info]: Session ID: d541aa626f1f4a33b68940c4cef6f08d
06/04/2021 18:27:59 PagSeguro.Session[info]: Begin
06/04/2021 18:27:59 PagSeguro.Session[info]: POST: https://ws.pagseguro.uol.com.br/v2/sessions?email=biadigy%40hotmail.com&token=82135cd5-ac93-4740-b17c-bf7d08b379732c4bc69643b3b76bcba25062b90e68f93eb0-9f27-4134-97a2-bc83bf97ac3a
06/04/2021 18:28:00 PagSeguro.Session[info]: Session ID: 418779e8a9014b60ac76c1e4ad524d2f
06/04/2021 18:35:59 PagSeguro.DirectPayment.CreditCard[info]: Begin
06/04/2021 18:35:59 PagSeguro.DirectPayment.CreditCard[info]: POST: https://ws.pagseguro.uol.com.br/v2/transactions/?email=biadigy%40hotmail.com&token=82135cd5-ac93-4740-b17c-bf7d08b379732c4bc69643b3b76bcba25062b90e68f93eb0-9f27-4134-97a2-bc83bf97ac3a
06/04/2021 18:35:59 PagSeguro.Checkout[info]: Params: {"reference":"11","notificationURL":"https:\/\/fragranciaewine.com.br\/psckttransparente\/notification","billingAddressStreet":"Rua Alberto Nascimento J\u00fanior","billingAddressNumber":"178","billingAddressComplement":"Bloco1 apto 24","billingAddressCity":"S\u00e3o Paulo","billingAddressState":"SP","billingAddressDistrict":"Jardim Bonfiglioli","billingAddressPostalCode":"05595-040","billingAddressCountry":"BRA","currency":"BRL","creditCardHolderName":"Vera Lucia Mendon\u00e7a ","creditCardHolderBirthDate":"28\/08\/1952","creditCardHolderAreaCode":"11","creditCardHolderPhone":"933319206","creditCardHolderCPF":"17368329808","installmentQuantity":"5","installmentValue":"64.60","noInterestInstallmentQuantity":12,"itemId1":63,"itemDescription1":" Michael kors  Sexy Amber 100ml","itemQuantity1":1,"itemAmount1":"295.00","paymentMethod":"creditCard","paymentMode":"DEFAULT","receiverEmail":"biadigy@hotmail.com","senderName":"Vera Lucia M.Dela Marta","senderEmail":"veraluciamdm@outlook.com","senderAreaCode":"11","senderPhone":"(**) 93331-****","senderCPF":"173.***.***-**","senderIp":"191.254.225.205","senderHash":"530c32f485af9e26dfd05dd4c94426027cf40055a04ec567edbefff6fd05abed","shippingType":3,"shippingCost":"27.99","shippingAddressStreet":"Rua Alberto Nascimento J\u00fanior","shippingAddressNumber":"178","shippingAddressComplement":"Bloco1 apto 24","shippingAddressCity":"S\u00e3o Paulo","shippingAddressState":"SP","shippingAddressDistrict":"Jardim Bonfiglioli","shippingAddressPostalCode":"05595-040","shippingAddressCountry":"BRA","creditCardToken":"6955aa382ead4ba587f64296a7a25446"}
06/04/2021 18:36:06 PagSeguro.DirectPayment.CreditCard[info]: Credit Card Payment Code: 9AFB3FE0-B7F0-49E7-89EC-947B35EC0167
06/04/2021 18:36:12 PagSeguro.Transactions.Notification[info]: Begin
06/04/2021 18:36:12 PagSeguro.Transactions.Notification[info]: GET: https://ws.pagseguro.uol.com.br/v3/transactions/notifications/486918-CBC092C092A5-1224430FA02E-F29226?email=biadigy%40hotmail.com&token=82135cd5-ac93-4740-b17c-bf7d08b379732c4bc69643b3b76bcba25062b90e68f93eb0-9f27-4134-97a2-bc83bf97ac3a
06/04/2021 18:36:13 PagSeguro.Transactions.Notification[info]: Date: 2021-04-06T18:36:05.000-03:00, Code: 9AFB3FE0-B7F0-49E7-89EC-947B35EC0167
06/04/2021 18:38:10 PagSeguro.Session[info]: Begin
06/04/2021 18:38:10 PagSeguro.Session[info]: POST: https://ws.pagseguro.uol.com.br/v2/sessions?email=biadigy%40hotmail.com&token=82135cd5-ac93-4740-b17c-bf7d08b379732c4bc69643b3b76bcba25062b90e68f93eb0-9f27-4134-97a2-bc83bf97ac3a
06/04/2021 18:38:11 PagSeguro.Session[info]: Session ID: 26ef8aa4a8514f2bb08113f20eb629ab
12/04/2021 09:38:28 PagSeguro.Session[info]: Begin
12/04/2021 09:38:29 PagSeguro.Session[info]: POST: https://ws.pagseguro.uol.com.br/v2/sessions?email=biadigy%40hotmail.com&token=82135cd5-ac93-4740-b17c-bf7d08b379732c4bc69643b3b76bcba25062b90e68f93eb0-9f27-4134-97a2-bc83bf97ac3a
12/04/2021 09:38:29 PagSeguro.Session[info]: Session ID: cf41bdb627da4022b64014579e586d13
12/04/2021 09:45:47 PagSeguro.DirectPayment.CreditCard[info]: Begin
12/04/2021 09:45:47 PagSeguro.DirectPayment.CreditCard[info]: POST: https://ws.pagseguro.uol.com.br/v2/transactions/?email=biadigy%40hotmail.com&token=82135cd5-ac93-4740-b17c-bf7d08b379732c4bc69643b3b76bcba25062b90e68f93eb0-9f27-4134-97a2-bc83bf97ac3a
12/04/2021 09:45:47 PagSeguro.Checkout[info]: Params: {"reference":"12","notificationURL":"https:\/\/fragranciaewine.com.br\/psckttransparente\/notification","billingAddressStreet":"Rua Ant\u00f4nio Seixas Leite Ribeiro","billingAddressNumber":"Bloco 113","billingAddressComplement":"Acesso 16 bloco 113 apto 33","billingAddressCity":"Santo Andr\u00e9","billingAddressState":"SP","billingAddressDistrict":"Jardim Alvorada","billingAddressPostalCode":"09180-110","billingAddressCountry":"BRA","currency":"BRL","creditCardHolderName":"Patricia G Marques ","creditCardHolderBirthDate":"19\/04\/1981","creditCardHolderAreaCode":"11","creditCardHolderPhone":"995915711","creditCardHolderCPF":"29000452821","installmentQuantity":"2","installmentValue":"116.11","noInterestInstallmentQuantity":12,"itemId1":35,"itemDescription1":" Ferrari Black 125ml","itemQuantity1":1,"itemAmount1":"206.00","paymentMethod":"creditCard","paymentMode":"DEFAULT","receiverEmail":"biadigy@hotmail.com","senderName":"Patricia Giupatto Marques","senderEmail":"patygiupattomarques@gmail.com","senderAreaCode":"11","senderPhone":"(**) 99591-****","senderCPF":"290.***.***-**","senderIp":"200.170.190.155","senderHash":"0952ec0e0fd22a75a627a05f14b890b0a0d78e6135b7381c4604169d98947811","shippingType":3,"shippingCost":"26.21","shippingAddressStreet":"Rua Ant\u00f4nio Seixas Leite Ribeiro","shippingAddressNumber":"Bloco 113","shippingAddressComplement":"Acesso 16 bloco 113 apto 33","shippingAddressCity":"Santo Andr\u00e9","shippingAddressState":"SP","shippingAddressDistrict":"Jardim Alvorada","shippingAddressPostalCode":"09180-110","shippingAddressCountry":"BRA","creditCardToken":"8bed4173b93245eba7aba26c1cbfdc10"}
12/04/2021 09:45:50 PagSeguro.DirectPayment.CreditCard[info]: Credit Card Payment Code: 87632688-1801-4A0A-A8BA-A4C180885611
12/04/2021 09:45:58 PagSeguro.Transactions.Notification[info]: Begin
12/04/2021 09:45:58 PagSeguro.Transactions.Notification[info]: GET: https://ws.pagseguro.uol.com.br/v3/transactions/notifications/F35275-1C0A7F0A7F96-5FF4903FBB8C-884643?email=biadigy%40hotmail.com&token=82135cd5-ac93-4740-b17c-bf7d08b379732c4bc69643b3b76bcba25062b90e68f93eb0-9f27-4134-97a2-bc83bf97ac3a
12/04/2021 09:45:59 PagSeguro.Transactions.Notification[info]: Date: 2021-04-12T09:45:48.000-03:00, Code: 87632688-1801-4A0A-A8BA-A4C180885611
17/04/2021 01:23:26 PagSeguro.Transactions.Notification[info]: Begin
17/04/2021 01:23:26 PagSeguro.Transactions.Notification[info]: GET: https://ws.pagseguro.uol.com.br/v3/transactions/notifications/B410C0-C69885988530-2CC4790F8B4F-933FD5?email=biadigy%40hotmail.com&token=82135cd5-ac93-4740-b17c-bf7d08b379732c4bc69643b3b76bcba25062b90e68f93eb0-9f27-4134-97a2-bc83bf97ac3a
17/04/2021 01:23:27 PagSeguro.Transactions.Notification[info]: Date: 2021-04-03T15:42:17.000-03:00, Code: 1F0DEDC4-860B-42FF-860C-260224A20B0F
17/04/2021 22:04:47 PagSeguro.Session[info]: Begin
17/04/2021 22:04:47 PagSeguro.Session[info]: POST: https://ws.pagseguro.uol.com.br/v2/sessions?email=biadigy%40hotmail.com&token=82135cd5-ac93-4740-b17c-bf7d08b379732c4bc69643b3b76bcba25062b90e68f93eb0-9f27-4134-97a2-bc83bf97ac3a
17/04/2021 22:04:47 PagSeguro.Session[info]: Session ID: 43095ab4748e4372b7f5ea78524a7429
17/04/2021 22:07:03 PagSeguro.DirectPayment.CreditCard[info]: Begin
17/04/2021 22:07:03 PagSeguro.DirectPayment.CreditCard[info]: POST: https://ws.pagseguro.uol.com.br/v2/transactions/?email=biadigy%40hotmail.com&token=82135cd5-ac93-4740-b17c-bf7d08b379732c4bc69643b3b76bcba25062b90e68f93eb0-9f27-4134-97a2-bc83bf97ac3a
17/04/2021 22:07:04 PagSeguro.Checkout[info]: Params: {"reference":"13","notificationURL":"https:\/\/fragranciaewine.com.br\/psckttransparente\/notification","billingAddressStreet":"Rua Gutemberg","billingAddressNumber":"100","billingAddressComplement":"Apt 04","billingAddressCity":"S\u00e3o paulo","billingAddressState":"SP","billingAddressDistrict":"Vila Congonhas","billingAddressPostalCode":"04624-030","billingAddressCountry":"BRA","currency":"BRL","creditCardHolderName":"Eduardo a dos santos","creditCardHolderBirthDate":"25\/08\/2000","creditCardHolderAreaCode":"11","creditCardHolderPhone":"958833799","creditCardHolderCPF":"42004717874","installmentQuantity":"4","installmentValue":"161.07","noInterestInstallmentQuantity":12,"itemId1":76,"itemDescription1":"212 Vip Black 200ml","itemQuantity1":1,"itemAmount1":"610.00","paymentMethod":"creditCard","paymentMode":"DEFAULT","receiverEmail":"biadigy@hotmail.com","senderName":"Eduardo Alves dos santos","senderEmail":"eduardo.garoto25@gmail.com","senderAreaCode":"11","senderPhone":"(**) 95883-****","senderCPF":"420.***.***-**","senderIp":"189.46.150.108","senderHash":"339818b195542f054a99ae90630ba5e3703f8fbed7238da7e01b19640157b623","shippingType":3,"shippingCost":"34.29","shippingAddressStreet":"Rua Gutemberg","shippingAddressNumber":"100","shippingAddressComplement":"Apt 04","shippingAddressCity":"S\u00e3o paulo","shippingAddressState":"SP","shippingAddressDistrict":"Vila Congonhas","shippingAddressPostalCode":"04624-030","shippingAddressCountry":"BRA","creditCardToken":"17c3006b0c6547dd89f801de9eb7c67a"}
17/04/2021 22:07:09 PagSeguro.DirectPayment.CreditCard[info]: Credit Card Payment Code: 1BDA1E28-9F1B-4EF5-89F0-DA1C69BD0FBA
17/04/2021 22:07:12 PagSeguro.Transactions.Notification[info]: Begin
17/04/2021 22:07:12 PagSeguro.Transactions.Notification[info]: GET: https://ws.pagseguro.uol.com.br/v3/transactions/notifications/68A56C-B0A375A37595-8994133F8255-2F68CC?email=biadigy%40hotmail.com&token=82135cd5-ac93-4740-b17c-bf7d08b379732c4bc69643b3b76bcba25062b90e68f93eb0-9f27-4134-97a2-bc83bf97ac3a
17/04/2021 22:07:13 PagSeguro.Transactions.Notification[info]: Date: 2021-04-17T22:07:08.000-03:00, Code: 1BDA1E28-9F1B-4EF5-89F0-DA1C69BD0FBA
18/04/2021 18:58:22 PagSeguro.Session[info]: Begin
18/04/2021 18:58:22 PagSeguro.Session[info]: POST: https://ws.pagseguro.uol.com.br/v2/sessions?email=biadigy%40hotmail.com&token=82135cd5-ac93-4740-b17c-bf7d08b379732c4bc69643b3b76bcba25062b90e68f93eb0-9f27-4134-97a2-bc83bf97ac3a
18/04/2021 18:58:23 PagSeguro.Session[info]: Session ID: bf0f2faef95b460588993919de14e12d
19/04/2021 17:36:39 PagSeguro.Session[info]: Begin
19/04/2021 17:36:39 PagSeguro.Session[info]: POST: https://ws.pagseguro.uol.com.br/v2/sessions?email=biadigy%40hotmail.com&token=82135cd5-ac93-4740-b17c-bf7d08b379732c4bc69643b3b76bcba25062b90e68f93eb0-9f27-4134-97a2-bc83bf97ac3a
19/04/2021 17:36:40 PagSeguro.Session[error]: CURL can't connect: OpenSSL SSL_read: SSL_ERROR_SYSCALL, errno 104
19/04/2021 17:36:50 PagSeguro.Session[info]: Begin
19/04/2021 17:36:50 PagSeguro.Session[info]: POST: https://ws.pagseguro.uol.com.br/v2/sessions?email=biadigy%40hotmail.com&token=82135cd5-ac93-4740-b17c-bf7d08b379732c4bc69643b3b76bcba25062b90e68f93eb0-9f27-4134-97a2-bc83bf97ac3a
19/04/2021 17:36:51 PagSeguro.Session[error]: CURL can't connect: OpenSSL SSL_read: SSL_ERROR_SYSCALL, errno 104
20/04/2021 01:28:38 PagSeguro.Transactions.Notification[info]: Begin
20/04/2021 01:28:38 PagSeguro.Transactions.Notification[info]: GET: https://ws.pagseguro.uol.com.br/v3/transactions/notifications/83C50F-FD40AA40AA05-D224E8CFBD4A-7D7D83?email=biadigy%40hotmail.com&token=82135cd5-ac93-4740-b17c-bf7d08b379732c4bc69643b3b76bcba25062b90e68f93eb0-9f27-4134-97a2-bc83bf97ac3a
20/04/2021 01:28:40 PagSeguro.Transactions.Notification[info]: Date: 2021-04-06T18:36:05.000-03:00, Code: 9AFB3FE0-B7F0-49E7-89EC-947B35EC0167
23/04/2021 10:06:26 PagSeguro.Session[info]: Begin
23/04/2021 10:06:26 PagSeguro.Session[info]: POST: https://ws.pagseguro.uol.com.br/v2/sessions?email=biadigy%40hotmail.com&token=82135cd5-ac93-4740-b17c-bf7d08b379732c4bc69643b3b76bcba25062b90e68f93eb0-9f27-4134-97a2-bc83bf97ac3a
23/04/2021 10:06:26 PagSeguro.Session[info]: Session ID: 747725b8f6be44a49fd11a0aef93fff9
23/04/2021 10:07:39 PagSeguro.DirectPayment.CreditCard[info]: Begin
23/04/2021 10:07:39 PagSeguro.DirectPayment.CreditCard[info]: POST: https://ws.pagseguro.uol.com.br/v2/transactions/?email=biadigy%40hotmail.com&token=82135cd5-ac93-4740-b17c-bf7d08b379732c4bc69643b3b76bcba25062b90e68f93eb0-9f27-4134-97a2-bc83bf97ac3a
23/04/2021 10:07:39 PagSeguro.Checkout[info]: Params: {"reference":"14","notificationURL":"https:\/\/fragranciaewine.com.br\/psckttransparente\/notification","billingAddressStreet":"Rua Monsenhor Jo\u00e3o Jos\u00e9 de Azevedo","billingAddressNumber":"167","billingAddressComplement":"","billingAddressCity":"S\u00e3o Paulo","billingAddressState":"SP","billingAddressDistrict":"Vila Anadir","billingAddressPostalCode":"03266-020","billingAddressCountry":"BRA","currency":"BRL","creditCardHolderName":"gabriel reis","creditCardHolderBirthDate":"19\/02\/1999","creditCardHolderAreaCode":"11","creditCardHolderPhone":"948671243","creditCardHolderCPF":"08076772567","installmentQuantity":"5","installmentValue":"46.44","noInterestInstallmentQuantity":12,"itemId1":35,"itemDescription1":" Ferrari Black 125ml","itemQuantity1":1,"itemAmount1":"206.00","paymentMethod":"creditCard","paymentMode":"DEFAULT","receiverEmail":"biadigy@hotmail.com","senderName":"Gabriel Reis","senderEmail":"tastaldi@terra.com.br","senderAreaCode":"11","senderPhone":"(**) 94867-****","senderCPF":"080.***.***-**","senderIp":"201.0.24.223","senderHash":"6cb3136c261f72b4ef34763b3d945ef950c5f5f4289f73c293f1fe343fd38fde","shippingType":3,"shippingCost":"26.21","shippingAddressStreet":"Rua Monsenhor Jo\u00e3o Jos\u00e9 de Azevedo","shippingAddressNumber":"167","shippingAddressComplement":"","shippingAddressCity":"S\u00e3o Paulo","shippingAddressState":"SP","shippingAddressDistrict":"Vila Anadir","shippingAddressPostalCode":"03266-020","shippingAddressCountry":"BRA","creditCardToken":"2f558496efb2414dae85b8f1553588e3"}
23/04/2021 10:07:43 PagSeguro.DirectPayment.CreditCard[info]: Credit Card Payment Code: 107B7EB6-A1A7-4DE3-9C6E-123F4BC386F3
23/04/2021 10:07:46 PagSeguro.Transactions.Notification[info]: Begin
23/04/2021 10:07:46 PagSeguro.Transactions.Notification[info]: GET: https://ws.pagseguro.uol.com.br/v3/transactions/notifications/E6F5C3-97A3D1A3D116-6CC49D4FA6DA-E50A7D?email=biadigy%40hotmail.com&token=82135cd5-ac93-4740-b17c-bf7d08b379732c4bc69643b3b76bcba25062b90e68f93eb0-9f27-4134-97a2-bc83bf97ac3a
23/04/2021 10:07:47 PagSeguro.Transactions.Notification[info]: Date: 2021-04-23T10:07:41.000-03:00, Code: 107B7EB6-A1A7-4DE3-9C6E-123F4BC386F3
26/04/2021 01:47:13 PagSeguro.Transactions.Notification[info]: Begin
26/04/2021 01:47:13 PagSeguro.Transactions.Notification[info]: GET: https://ws.pagseguro.uol.com.br/v3/transactions/notifications/B7E58C-A3CDE2CDE251-86648F9FAE5F-3E1908?email=biadigy%40hotmail.com&token=82135cd5-ac93-4740-b17c-bf7d08b379732c4bc69643b3b76bcba25062b90e68f93eb0-9f27-4134-97a2-bc83bf97ac3a
26/04/2021 01:47:14 PagSeguro.Transactions.Notification[info]: Date: 2021-04-12T09:45:48.000-03:00, Code: 87632688-1801-4A0A-A8BA-A4C180885611
03/05/2021 15:20:53 PagSeguro.Session[info]: Begin
03/05/2021 15:20:53 PagSeguro.Session[info]: POST: https://ws.pagseguro.uol.com.br/v2/sessions?email=biadigy%40hotmail.com&token=82135cd5-ac93-4740-b17c-bf7d08b379732c4bc69643b3b76bcba25062b90e68f93eb0-9f27-4134-97a2-bc83bf97ac3a
03/05/2021 15:20:54 PagSeguro.Session[info]: Session ID: 7bb5d12ef7b043b498839abad469907d
03/05/2021 15:24:36 PagSeguro.DirectPayment.CreditCard[info]: Begin
03/05/2021 15:24:36 PagSeguro.DirectPayment.CreditCard[info]: POST: https://ws.pagseguro.uol.com.br/v2/transactions/?email=biadigy%40hotmail.com&token=82135cd5-ac93-4740-b17c-bf7d08b379732c4bc69643b3b76bcba25062b90e68f93eb0-9f27-4134-97a2-bc83bf97ac3a
03/05/2021 15:24:36 PagSeguro.Checkout[info]: Params: {"reference":"15","notificationURL":"https:\/\/fragranciaewine.com.br\/psckttransparente\/notification","billingAddressStreet":"Rua Eduardo de Martino","billingAddressNumber":"55","billingAddressComplement":"Casa","billingAddressCity":"S\u00e3o Paulo","billingAddressState":"SP","billingAddressDistrict":"Cidade S\u00e3o Mateus","billingAddressPostalCode":"03966-020","billingAddressCountry":"BRA","currency":"BRL","creditCardHolderName":"Fernanda l figueiredo ","creditCardHolderBirthDate":"10\/11\/1990","creditCardHolderAreaCode":"11","creditCardHolderPhone":"978518056","creditCardHolderCPF":"38172451814","installmentQuantity":"3","installmentValue":"163.76","noInterestInstallmentQuantity":12,"itemId1":106,"itemDescription1":"212 Vip Men 100ml","itemQuantity1":1,"itemAmount1":"460.00","paymentMethod":"creditCard","paymentMode":"DEFAULT","receiverEmail":"biadigy@hotmail.com","senderName":"Fernanda lima figueiredo ","senderEmail":"fernandalimaf90@hotmail.com","senderAreaCode":"11","senderPhone":"(**) 97851-****","senderCPF":"381.***.***-**","senderIp":"177.58.244.48","senderHash":"74faaeca6975a8f892c45e8c17308c3d7ce479a17c3992c9bce22629b51221a2","shippingType":3,"shippingCost":"31.29","shippingAddressStreet":"Rua Eduardo de Martino","shippingAddressNumber":"55","shippingAddressComplement":"Casa","shippingAddressCity":"S\u00e3o Paulo","shippingAddressState":"SP","shippingAddressDistrict":"Cidade S\u00e3o Mateus","shippingAddressPostalCode":"03966-020","shippingAddressCountry":"BRA","creditCardToken":"15bbe77a6b1c40998c5bc0a8979393f9"}
03/05/2021 15:24:39 PagSeguro.DirectPayment.CreditCard[info]: Credit Card Payment Code: 048BF61F-0DF2-4E2C-B764-FF236F28F74C
03/05/2021 15:24:42 PagSeguro.Transactions.Notification[info]: Begin
03/05/2021 15:24:42 PagSeguro.Transactions.Notification[info]: GET: https://ws.pagseguro.uol.com.br/v3/transactions/notifications/A7EB6A-320F9D0F9DDE-ABB4276F91E0-2E2741?email=biadigy%40hotmail.com&token=82135cd5-ac93-4740-b17c-bf7d08b379732c4bc69643b3b76bcba25062b90e68f93eb0-9f27-4134-97a2-bc83bf97ac3a
03/05/2021 15:24:43 PagSeguro.Transactions.Notification[info]: Date: 2021-05-03T15:24:38.000-03:00, Code: 048BF61F-0DF2-4E2C-B764-FF236F28F74C
04/05/2021 13:56:21 PagSeguro.Session[info]: Begin
04/05/2021 13:56:21 PagSeguro.Session[info]: POST: https://ws.pagseguro.uol.com.br/v2/sessions?email=biadigy%40hotmail.com&token=82135cd5-ac93-4740-b17c-bf7d08b379732c4bc69643b3b76bcba25062b90e68f93eb0-9f27-4134-97a2-bc83bf97ac3a
04/05/2021 13:56:22 PagSeguro.Session[info]: Session ID: b90d4b9f4cb94aa6baad0815a53b7f87
04/05/2021 14:25:49 PagSeguro.Session[info]: Begin
04/05/2021 14:25:49 PagSeguro.Session[info]: POST: https://ws.pagseguro.uol.com.br/v2/sessions?email=biadigy%40hotmail.com&token=82135cd5-ac93-4740-b17c-bf7d08b379732c4bc69643b3b76bcba25062b90e68f93eb0-9f27-4134-97a2-bc83bf97ac3a
04/05/2021 14:25:50 PagSeguro.Session[info]: Session ID: 1cc1c234490d485c9690b349687d1ec1
05/05/2021 10:13:25 PagSeguro.Session[info]: Begin
05/05/2021 10:13:25 PagSeguro.Session[info]: POST: https://ws.pagseguro.uol.com.br/v2/sessions?email=biadigy%40hotmail.com&token=82135cd5-ac93-4740-b17c-bf7d08b379732c4bc69643b3b76bcba25062b90e68f93eb0-9f27-4134-97a2-bc83bf97ac3a
05/05/2021 10:13:25 PagSeguro.Session[info]: Session ID: a2330deb4bc54dbd907f9b72dddfcc79
07/05/2021 07:49:52 PagSeguro.Session[info]: Begin
07/05/2021 07:49:52 PagSeguro.Session[info]: POST: https://ws.pagseguro.uol.com.br/v2/sessions?email=biadigy%40hotmail.com&token=82135cd5-ac93-4740-b17c-bf7d08b379732c4bc69643b3b76bcba25062b90e68f93eb0-9f27-4134-97a2-bc83bf97ac3a
07/05/2021 07:49:53 PagSeguro.Session[info]: Session ID: ef53ac62aa8f442b850f91d61a5ca5da
07/05/2021 07:51:33 PagSeguro.Session[info]: Begin
07/05/2021 07:51:33 PagSeguro.Session[info]: POST: https://ws.pagseguro.uol.com.br/v2/sessions?email=biadigy%40hotmail.com&token=82135cd5-ac93-4740-b17c-bf7d08b379732c4bc69643b3b76bcba25062b90e68f93eb0-9f27-4134-97a2-bc83bf97ac3a
07/05/2021 07:51:34 PagSeguro.Session[info]: Session ID: 5115c5c197294f56a647ca78f84e6cdd
31/05/2021 16:32:14 PagSeguro.Session[info]: Begin
31/05/2021 16:32:14 PagSeguro.Session[info]: POST: https://ws.pagseguro.uol.com.br/v2/sessions?email=biadigy%40hotmail.com&token=82135cd5-ac93-4740-b17c-bf7d08b379732c4bc69643b3b76bcba25062b90e68f93eb0-9f27-4134-97a2-bc83bf97ac3a
31/05/2021 16:32:15 PagSeguro.Session[info]: Session ID: 9aa17b36966b4b7bb319f17b8384f4fe
31/05/2021 16:34:31 PagSeguro.DirectPayment.CreditCard[info]: Begin
31/05/2021 16:34:31 PagSeguro.DirectPayment.CreditCard[info]: POST: https://ws.pagseguro.uol.com.br/v2/transactions/?email=biadigy%40hotmail.com&token=82135cd5-ac93-4740-b17c-bf7d08b379732c4bc69643b3b76bcba25062b90e68f93eb0-9f27-4134-97a2-bc83bf97ac3a
31/05/2021 16:34:31 PagSeguro.Checkout[info]: Params: {"reference":"16","notificationURL":"https:\/\/fragranciaewine.com.br\/psckttransparente\/notification","billingAddressStreet":"Rua Manuel Lino de Paiva","billingAddressNumber":"161","billingAddressComplement":"","billingAddressCity":"S\u00e3o Paulo","billingAddressState":"SP","billingAddressDistrict":"Vila Patrimonial","billingAddressPostalCode":"04416-110","billingAddressCountry":"BRA","currency":"BRL","creditCardHolderName":"fabiola p f lacerda","creditCardHolderBirthDate":"02\/02\/1989","creditCardHolderAreaCode":"11","creditCardHolderPhone":"982769739","creditCardHolderCPF":"10433521635","installmentQuantity":"3","installmentValue":"192.66","noInterestInstallmentQuantity":12,"itemId1":188,"itemDescription1":"One Million Paco Rabanne 200ml ","itemQuantity1":1,"itemAmount1":"545.00","paymentMethod":"creditCard","paymentMode":"DEFAULT","receiverEmail":"biadigy@hotmail.com","senderName":"fabiola paulina ferreira lacerda","senderEmail":"paravcsabereumesma@gmail.com","senderAreaCode":"11","senderPhone":"(**) 98276-****","senderCPF":"104.***.***-**","senderIp":"177.172.97.186","senderHash":"a2606f28bba2317d970558fe4aa41d7e5f521813d16b48062a24560154377c36","shippingType":3,"shippingCost":"32.98","shippingAddressStreet":"Rua Manuel Lino de Paiva","shippingAddressNumber":"161","shippingAddressComplement":"","shippingAddressCity":"S\u00e3o Paulo","shippingAddressState":"SP","shippingAddressDistrict":"Vila Patrimonial","shippingAddressPostalCode":"04416-110","shippingAddressCountry":"BRA","creditCardToken":"972990c8cbf14cddb1f12c3941bba277"}
31/05/2021 16:34:34 PagSeguro.DirectPayment.CreditCard[info]: Credit Card Payment Code: B88EFC95-9DB2-49D8-9DAE-F1545723C9DE
31/05/2021 16:34:38 PagSeguro.Transactions.Notification[info]: Begin
31/05/2021 16:34:38 PagSeguro.Transactions.Notification[info]: GET: https://ws.pagseguro.uol.com.br/v3/transactions/notifications/C002D0-5D1FED1FEDA8-9444077F9854-7C48F7?email=biadigy%40hotmail.com&token=82135cd5-ac93-4740-b17c-bf7d08b379732c4bc69643b3b76bcba25062b90e68f93eb0-9f27-4134-97a2-bc83bf97ac3a
31/05/2021 16:34:39 PagSeguro.Transactions.Notification[info]: Date: 2021-05-31T16:34:32.000-03:00, Code: B88EFC95-9DB2-49D8-9DAE-F1545723C9DE
03/06/2021 01:44:58 PagSeguro.Session[info]: Begin
03/06/2021 01:44:58 PagSeguro.Session[info]: POST: https://ws.pagseguro.uol.com.br/v2/sessions?email=biadigy%40hotmail.com&token=82135cd5-ac93-4740-b17c-bf7d08b379732c4bc69643b3b76bcba25062b90e68f93eb0-9f27-4134-97a2-bc83bf97ac3a
03/06/2021 01:44:59 PagSeguro.Session[info]: Session ID: a7d3f860f8624d248d137f86b98bedb0
09/06/2021 19:54:31 PagSeguro.Session[info]: Begin
09/06/2021 19:54:31 PagSeguro.Session[info]: POST: https://ws.pagseguro.uol.com.br/v2/sessions?email=biadigy%40hotmail.com&token=82135cd5-ac93-4740-b17c-bf7d08b379732c4bc69643b3b76bcba25062b90e68f93eb0-9f27-4134-97a2-bc83bf97ac3a
09/06/2021 19:54:32 PagSeguro.Session[info]: Session ID: c835584888c84a188c408a9fd68bbe77
09/06/2021 19:55:53 PagSeguro.Session[info]: Begin
09/06/2021 19:55:53 PagSeguro.Session[info]: POST: https://ws.pagseguro.uol.com.br/v2/sessions?email=biadigy%40hotmail.com&token=82135cd5-ac93-4740-b17c-bf7d08b379732c4bc69643b3b76bcba25062b90e68f93eb0-9f27-4134-97a2-bc83bf97ac3a
09/06/2021 19:55:54 PagSeguro.Session[info]: Session ID: 505d384d93dc4a818e467c393cf253e1
09/06/2021 19:59:23 PagSeguro.Session[info]: Begin
09/06/2021 19:59:23 PagSeguro.Session[info]: POST: https://ws.pagseguro.uol.com.br/v2/sessions?email=biadigy%40hotmail.com&token=82135cd5-ac93-4740-b17c-bf7d08b379732c4bc69643b3b76bcba25062b90e68f93eb0-9f27-4134-97a2-bc83bf97ac3a
09/06/2021 19:59:23 PagSeguro.Session[info]: Session ID: 0b2784c553a049828af83c763112e5f6
09/06/2021 20:02:34 PagSeguro.DirectPayment.CreditCard[info]: Begin
09/06/2021 20:02:34 PagSeguro.DirectPayment.CreditCard[info]: POST: https://ws.pagseguro.uol.com.br/v2/transactions/?email=biadigy%40hotmail.com&token=82135cd5-ac93-4740-b17c-bf7d08b379732c4bc69643b3b76bcba25062b90e68f93eb0-9f27-4134-97a2-bc83bf97ac3a
09/06/2021 20:02:34 PagSeguro.Checkout[info]: Params: {"reference":"17","notificationURL":"https:\/\/fragranciaewine.com.br\/psckttransparente\/notification","billingAddressStreet":"Rua Silvestre Ventura","billingAddressNumber":"0180a","billingAddressComplement":"casa","billingAddressCity":"S\u00e3o Paulo","billingAddressState":"SP","billingAddressDistrict":"Jardim das Esmeraldas","billingAddressPostalCode":"05549-290","billingAddressCountry":"BRA","currency":"BRL","creditCardHolderName":"henry b kawahira","creditCardHolderBirthDate":"76\/01\/1974","creditCardHolderAreaCode":"11","creditCardHolderPhone":"985419777","creditCardHolderCPF":"12898374814","installmentQuantity":"1","installmentValue":"346.98","noInterestInstallmentQuantity":12,"itemId1":79,"itemDescription1":"212 Vip  feminino 30ml","itemQuantity1":1,"itemAmount1":"320.00","paymentMethod":"creditCard","paymentMode":"DEFAULT","receiverEmail":"biadigy@hotmail.com","senderName":"henry barros","senderEmail":"henrybarros21@gmail.com","senderAreaCode":"11","senderPhone":"(**) 98541-****","senderCPF":"128.***.***-**","senderIp":"186.228.189.175","senderHash":"dcf74d516a879ea2c5cafdfb90b68c65da70e9276b5a1da46badbcf73de8c78e","shippingType":3,"shippingCost":"26.98","shippingAddressStreet":"Rua Silvestre Ventura","shippingAddressNumber":"0180a","shippingAddressComplement":"casa","shippingAddressCity":"S\u00e3o Paulo","shippingAddressState":"SP","shippingAddressDistrict":"Jardim das Esmeraldas","shippingAddressPostalCode":"05549-290","shippingAddressCountry":"BRA","creditCardToken":"bf652220d1ad475ea81bebe62764f049"}
09/06/2021 20:02:35 PagSeguro.DirectPayment.CreditCard[error]: <?xml version="1.0" encoding="ISO-8859-1" standalone="yes"?><errors><error><code>53048</code><message>credit card holder birthdate invalid value: 76/01/1974</message></error></errors>
09/06/2021 20:03:00 PagSeguro.DirectPayment.CreditCard[info]: Begin
09/06/2021 20:03:00 PagSeguro.DirectPayment.CreditCard[info]: POST: https://ws.pagseguro.uol.com.br/v2/transactions/?email=biadigy%40hotmail.com&token=82135cd5-ac93-4740-b17c-bf7d08b379732c4bc69643b3b76bcba25062b90e68f93eb0-9f27-4134-97a2-bc83bf97ac3a
09/06/2021 20:03:00 PagSeguro.Checkout[info]: Params: {"reference":"18","notificationURL":"https:\/\/fragranciaewine.com.br\/psckttransparente\/notification","billingAddressStreet":"Rua Silvestre Ventura","billingAddressNumber":"0180a","billingAddressComplement":"casa","billingAddressCity":"S\u00e3o Paulo","billingAddressState":"SP","billingAddressDistrict":"Jardim das Esmeraldas","billingAddressPostalCode":"05549-290","billingAddressCountry":"BRA","currency":"BRL","creditCardHolderName":"henry b kawahira","creditCardHolderBirthDate":"16\/01\/1974","creditCardHolderAreaCode":"11","creditCardHolderPhone":"985419777","creditCardHolderCPF":"12898374814","installmentQuantity":"1","installmentValue":"346.98","noInterestInstallmentQuantity":12,"itemId1":79,"itemDescription1":"212 Vip  feminino 30ml","itemQuantity1":1,"itemAmount1":"320.00","paymentMethod":"creditCard","paymentMode":"DEFAULT","receiverEmail":"biadigy@hotmail.com","senderName":"henry barros","senderEmail":"henrybarros21@gmail.com","senderAreaCode":"11","senderPhone":"(**) 98541-****","senderCPF":"128.***.***-**","senderIp":"186.228.189.175","senderHash":"dcf74d516a879ea2c5cafdfb90b68c65da70e9276b5a1da46badbcf73de8c78e","shippingType":3,"shippingCost":"26.98","shippingAddressStreet":"Rua Silvestre Ventura","shippingAddressNumber":"0180a","shippingAddressComplement":"casa","shippingAddressCity":"S\u00e3o Paulo","shippingAddressState":"SP","shippingAddressDistrict":"Jardim das Esmeraldas","shippingAddressPostalCode":"05549-290","shippingAddressCountry":"BRA","creditCardToken":"92df590bde59425892280458bd21fb1c"}
09/06/2021 20:03:04 PagSeguro.DirectPayment.CreditCard[info]: Credit Card Payment Code: 86EBDA59-30D7-4D0D-A2D3-CDBE7604254B
09/06/2021 20:03:06 PagSeguro.Transactions.Notification[info]: Begin
09/06/2021 20:03:06 PagSeguro.Transactions.Notification[info]: GET: https://ws.pagseguro.uol.com.br/v3/transactions/notifications/D69DA1-52CA5FCA5FAD-3FF4AABF8BC2-A76E85?email=biadigy%40hotmail.com&token=82135cd5-ac93-4740-b17c-bf7d08b379732c4bc69643b3b76bcba25062b90e68f93eb0-9f27-4134-97a2-bc83bf97ac3a
09/06/2021 20:03:07 PagSeguro.Transactions.Notification[info]: Date: 2021-06-09T20:03:01.000-03:00, Code: 86EBDA59-30D7-4D0D-A2D3-CDBE7604254B
14/06/2021 22:20:27 PagSeguro.Session[info]: Begin
14/06/2021 22:20:27 PagSeguro.Session[info]: POST: https://ws.pagseguro.uol.com.br/v2/sessions?email=biadigy%40hotmail.com&token=82135cd5-ac93-4740-b17c-bf7d08b379732c4bc69643b3b76bcba25062b90e68f93eb0-9f27-4134-97a2-bc83bf97ac3a
14/06/2021 22:20:28 PagSeguro.Session[info]: Session ID: 39d36809bd8944d0ab7afe0fda454066
18/06/2021 01:14:47 PagSeguro.Session[info]: Begin
18/06/2021 01:14:47 PagSeguro.Session[info]: POST: https://ws.pagseguro.uol.com.br/v2/sessions?email=biadigy%40hotmail.com&token=82135cd5-ac93-4740-b17c-bf7d08b379732c4bc69643b3b76bcba25062b90e68f93eb0-9f27-4134-97a2-bc83bf97ac3a
18/06/2021 01:14:47 PagSeguro.Session[info]: Session ID: 78457082e3f142b38e95b275f033ff83
18/06/2021 23:12:47 PagSeguro.Session[info]: Begin
18/06/2021 23:12:47 PagSeguro.Session[info]: POST: https://ws.pagseguro.uol.com.br/v2/sessions?email=biadigy%40hotmail.com&token=82135cd5-ac93-4740-b17c-bf7d08b379732c4bc69643b3b76bcba25062b90e68f93eb0-9f27-4134-97a2-bc83bf97ac3a
18/06/2021 23:12:48 PagSeguro.Session[info]: Session ID: 0e09c891db9a45c0b1c00fbff21b842b
18/06/2021 23:16:19 PagSeguro.DirectPayment.CreditCard[info]: Begin
18/06/2021 23:16:19 PagSeguro.DirectPayment.CreditCard[info]: POST: https://ws.pagseguro.uol.com.br/v2/transactions/?email=biadigy%40hotmail.com&token=82135cd5-ac93-4740-b17c-bf7d08b379732c4bc69643b3b76bcba25062b90e68f93eb0-9f27-4134-97a2-bc83bf97ac3a
18/06/2021 23:16:19 PagSeguro.Checkout[info]: Params: {"reference":"19","notificationURL":"https:\/\/fragranciaewine.com.br\/psckttransparente\/notification","billingAddressStreet":"Rua Jovino Campos","billingAddressNumber":"310","billingAddressComplement":"Casa","billingAddressCity":"Ribeir\u00e3o Preto","billingAddressState":"SP","billingAddressDistrict":"Geraldo Correia de Carvalho","billingAddressPostalCode":"14061-350","billingAddressCountry":"BRA","currency":"BRL","creditCardHolderName":"Angela o a machado","creditCardHolderBirthDate":"05\/01\/1984","creditCardHolderAreaCode":"16","creditCardHolderPhone":"981941705","creditCardHolderCPF":"22677681862","installmentQuantity":"2","installmentValue":"273.74","noInterestInstallmentQuantity":12,"itemId1":107,"itemDescription1":"212 Vip Rose 80ml","itemQuantity1":1,"itemAmount1":"510.00","paymentMethod":"creditCard","paymentMode":"DEFAULT","receiverEmail":"biadigy@hotmail.com","senderName":"Angela","senderEmail":"angelaoalvesm@gmail.com","senderAreaCode":"16","senderPhone":"(**) 98194-****","senderCPF":"226.***.***-**","senderIp":"201.92.123.164","senderHash":"39c383f50ada391df37eda141f8ecb1f98d83b037faf7cfc5b46ea842dd2e911","shippingType":3,"shippingCost":"37.48","shippingAddressStreet":"Rua Jovino Campos","shippingAddressNumber":"310","shippingAddressComplement":"Casa","shippingAddressCity":"Ribeir\u00e3o Preto","shippingAddressState":"SP","shippingAddressDistrict":"Geraldo Correia de Carvalho","shippingAddressPostalCode":"14061-350","shippingAddressCountry":"BRA","creditCardToken":"38e9cdf57ece4b1b8da22b9786c79597"}
18/06/2021 23:16:20 PagSeguro.DirectPayment.CreditCard[error]: <?xml version="1.0" encoding="ISO-8859-1" standalone="yes"?><errors><error><code>53015</code><message>sender name invalid value: Angela</message></error></errors>
24/06/2021 12:22:31 PagSeguro.Session[info]: Begin
24/06/2021 12:22:31 PagSeguro.Session[info]: POST: https://ws.pagseguro.uol.com.br/v2/sessions?email=biadigy%40hotmail.com&token=82135cd5-ac93-4740-b17c-bf7d08b379732c4bc69643b3b76bcba25062b90e68f93eb0-9f27-4134-97a2-bc83bf97ac3a
24/06/2021 12:22:31 PagSeguro.Session[info]: Session ID: 59efb33cc5314d1b9b56a4f6545a9604
24/06/2021 12:25:18 PagSeguro.Session[info]: Begin
24/06/2021 12:25:18 PagSeguro.Session[info]: POST: https://ws.pagseguro.uol.com.br/v2/sessions?email=biadigy%40hotmail.com&token=82135cd5-ac93-4740-b17c-bf7d08b379732c4bc69643b3b76bcba25062b90e68f93eb0-9f27-4134-97a2-bc83bf97ac3a
24/06/2021 12:25:19 PagSeguro.Session[info]: Session ID: 77cbb1b71b044456b18b9d26b8e4f328
24/06/2021 12:30:02 PagSeguro.Session[info]: Begin
24/06/2021 12:30:02 PagSeguro.Session[info]: POST: https://ws.pagseguro.uol.com.br/v2/sessions?email=biadigy%40hotmail.com&token=82135cd5-ac93-4740-b17c-bf7d08b379732c4bc69643b3b76bcba25062b90e68f93eb0-9f27-4134-97a2-bc83bf97ac3a
24/06/2021 12:30:03 PagSeguro.Session[info]: Session ID: 1979e1d8352b47449b12b51b8d421654